<?xml version="1.0" encoding="UTF-8"?>
<!-- Generated by org.testng.reporters.JUnitReportReporter -->
<testsuite hostname="LAPTOP-N1JREC8U" failures="0" tests="1" name="com.sevenrmartsupermarket.tests.LoginTest" time="7.088" errors="0" timestamp="2025-05-28T22:45:49 IST" skipped="0">
  <testcase classname="com.sevenrmartsupermarket.tests.LoginTest" name="verifyValidLogin" time="7.088"/>
  <system-out/>
</testsuite> <!-- com.sevenrmartsupermarket.tests.LoginTest -->
