<?xml version="1.0" encoding="UTF-8"?>
<!-- Generated by org.testng.reporters.JUnitReportReporter -->
<testsuite hostname="LAPTOP-N1JREC8U" failures="0" tests="1" name="com.sevenrmartsupermarket.tests.AdminUsersTest" time="16.725" errors="0" timestamp="2025-05-29T09:47:36 IST" skipped="0">
  <testcase classname="com.sevenrmartsupermarket.tests.AdminUsersTest" name="verifyAbleToAddNewUserFromExcel" time="16.725"/>
  <system-out/>
</testsuite> <!-- com.sevenrmartsupermarket.tests.AdminUsersTest -->
