<?xml version="1.0" encoding="UTF-8"?>
<!-- Generated by org.testng.reporters.JUnitReportReporter -->
<testsuite hostname="LAPTOP-N1JREC8U" failures="0" tests="3" name="com.sevenrmartsupermarket.tests.ManageNewsTest" time="21.657" errors="0" timestamp="2025-05-28T23:06:53 IST" skipped="0">
  <testcase classname="com.sevenrmartsupermarket.tests.ManageNewsTest" name="verifyAbleToAddNew" time="6.238"/>
  <system-out/>
  <testcase classname="com.sevenrmartsupermarket.tests.ManageNewsTest" name="verifyAbleToAddNew" time="6.552"/>
  <system-out/>
  <testcase classname="com.sevenrmartsupermarket.tests.ManageNewsTest" name="verifyAbleToAddNew" time="8.867"/>
  <system-out/>
</testsuite> <!-- com.sevenrmartsupermarket.tests.ManageNewsTest -->
