<?xml version="1.0" encoding="UTF-8"?>
<!-- Generated by org.testng.reporters.JUnitReportReporter -->
<testsuite hostname="LAPTOP-N1JREC8U" failures="0" tests="1" name="com.sevenrmartsupermarket.tests.DashBoardTest" time="6.869" errors="0" timestamp="2025-05-28T22:11:04 IST" skipped="0">
  <testcase classname="com.sevenrmartsupermarket.tests.DashBoardTest" name="demoTest" time="6.869"/>
  <system-out/>
</testsuite> <!-- com.sevenrmartsupermarket.tests.DashBoardTest -->
