<?xml version="1.0" encoding="UTF-8"?>
<!-- Generated by org.testng.reporters.JUnitReportReporter -->
<testsuite hostname="LAPTOP-N1JREC8U" failures="0" tests="1" name="com.sevenrmartsupermarket.tests.LoginTest" time="12.242" errors="0" timestamp="2025-05-29T07:55:50 IST" skipped="0">
  <testcase classname="com.sevenrmartsupermarket.tests.LoginTest" name="verifyValidLogin" time="12.242"/>
  <system-out/>
</testsuite> <!-- com.sevenrmartsupermarket.tests.LoginTest -->
